# JRE version: Java(TM) SE Runtime Environment (17.0.2+8) (build 17.0.2+8-LTS-86)
# Java VM: Java HotSpot(TM) 64-Bit Server VM (17.0.2+8-LTS-86, mixed mode, sharing, tiered, compressed oops, compressed class ptrs, g1 gc, windows-amd64)
GC Precious Log:
 CPUs: 12 total, 12 available
 Memory: 16176M
 Large Page Support: Disabled
 NUMA Support: Disabled
 Compressed Oops: Enabled (32-bit)
 Heap Region Size: 1M
 Heap Min Capacity: 8M
 Heap Initial Capacity: 254M
 Heap Max Capacity: 2G
 Pre-touch: Disabled
 Parallel Workers: 10
 Concurrent Workers: 3
 Concurrent Refinement Workers: 10
 Periodic GC: Disabled
Heap:
 garbage-first heap   total 397312K, used 272459K [0x0000000080000000, 0x0000000100000000)
  region size 1024K, 12 young (12288K), 6 survivors (6144K)
 Metaspace       used 118758K, committed 120000K, reserved 1155072K
  class space    used 15223K, committed 15872K, reserved 1048576K
GC Heap History (20 events):
Event: 112.782 GC heap before
{Heap before GC invocations=119 (full 0):
 garbage-first heap   total 397312K, used 340611K [0x0000000080000000, 0x0000000100000000)
  region size 1024K, 138 young (141312K), 6 survivors (6144K)
 Metaspace       used 102743K, committed 103424K, reserved 1146880K
  class space    used 13459K, committed 13760K, reserved 1048576K
}
Event: 112.788 GC heap after
{Heap after GC invocations=120 (full 0):
 garbage-first heap   total 397312K, used 206383K [0x0000000080000000, 0x0000000100000000)
  region size 1024K, 7 young (7168K), 7 survivors (7168K)
 Metaspace       used 102743K, committed 103424K, reserved 1146880K
  class space    used 13459K, committed 13760K, reserved 1048576K
}
Event: 115.422 GC heap before
{Heap before GC invocations=120 (full 0):
 garbage-first heap   total 397312K, used 340527K [0x0000000080000000, 0x0000000100000000)
  region size 1024K, 139 young (142336K), 7 survivors (7168K)
 Metaspace       used 103345K, committed 104064K, reserved 1146880K
  class space    used 13502K, committed 13824K, reserved 1048576K
}
Event: 115.429 GC heap after
{Heap after GC invocations=121 (full 0):
 garbage-first heap   total 397312K, used 209680K [0x0000000080000000, 0x0000000100000000)
  region size 1024K, 10 young (10240K), 10 survivors (10240K)
 Metaspace       used 103345K, committed 104064K, reserved 1146880K
  class space    used 13502K, committed 13824K, reserved 1048576K
}
Event: 494.452 GC heap before
{Heap before GC invocations=121 (full 0):
 garbage-first heap   total 397312K, used 339728K [0x0000000080000000, 0x0000000100000000)
  region size 1024K, 138 young (141312K), 10 survivors (10240K)
 Metaspace       used 106996K, committed 107968K, reserved 1146880K
  class space    used 13970K, committed 14400K, reserved 1048576K
}
Event: 494.462 GC heap after
{Heap after GC invocations=122 (full 0):
 garbage-first heap   total 397312K, used 216361K [0x0000000080000000, 0x0000000100000000)
  region size 1024K, 16 young (16384K), 16 survivors (16384K)
 Metaspace       used 106996K, committed 107968K, reserved 1146880K
  class space    used 13970K, committed 14400K, reserved 1048576K
}
Event: 686.660 GC heap before
{Heap before GC invocations=122 (full 0):
 garbage-first heap   total 397312K, used 338217K [0x0000000080000000, 0x0000000100000000)
  region size 1024K, 136 young (139264K), 16 survivors (16384K)
 Metaspace       used 107787K, committed 108736K, reserved 1146880K
  class space    used 14009K, committed 14464K, reserved 1048576K
}
Event: 686.677 GC heap after
{Heap after GC invocations=123 (full 0):
 garbage-first heap   total 397312K, used 226010K [0x0000000080000000, 0x0000000100000000)
  region size 1024K, 17 young (17408K), 17 survivors (17408K)
 Metaspace       used 107787K, committed 108736K, reserved 1146880K
  class space    used 14009K, committed 14464K, reserved 1048576K
}
Event: 2152.081 GC heap before
{Heap before GC invocations=123 (full 0):
 garbage-first heap   total 397312K, used 333530K [0x0000000080000000, 0x0000000100000000)
  region size 1024K, 123 young (125952K), 17 survivors (17408K)
 Metaspace       used 108266K, committed 109184K, reserved 1146880K
  class space    used 14015K, committed 14464K, reserved 1048576K
}
Event: 2152.098 GC heap after
{Heap after GC invocations=124 (full 0):
 garbage-first heap   total 397312K, used 236391K [0x0000000080000000, 0x0000000100000000)
  region size 1024K, 10 young (10240K), 10 survivors (10240K)
 Metaspace       used 108266K, committed 109184K, reserved 1146880K
  class space    used 14015K, committed 14464K, reserved 1048576K
}
Event: 3889.632 GC heap before
{Heap before GC invocations=124 (full 0):
 garbage-first heap   total 397312K, used 333671K [0x0000000080000000, 0x0000000100000000)
  region size 1024K, 106 young (108544K), 10 survivors (10240K)
 Metaspace       used 108905K, committed 109888K, reserved 1146880K
  class space    used 14123K, committed 14592K, reserved 1048576K
}
Event: 3889.641 GC heap after
{Heap after GC invocations=125 (full 0):
 garbage-first heap   total 397312K, used 238772K [0x0000000080000000, 0x0000000100000000)
  region size 1024K, 3 young (3072K), 3 survivors (3072K)
 Metaspace       used 108905K, committed 109888K, reserved 1146880K
  class space    used 14123K, committed 14592K, reserved 1048576K
}
Event: 3890.925 GC heap before
{Heap before GC invocations=125 (full 0):
 garbage-first heap   total 397312K, used 336052K [0x0000000080000000, 0x0000000100000000)
  region size 1024K, 99 young (101376K), 3 survivors (3072K)
 Metaspace       used 112066K, committed 113216K, reserved 1155072K
  class space    used 14517K, committed 15040K, reserved 1048576K
}
Event: 3890.932 GC heap after
{Heap after GC invocations=126 (full 0):
 garbage-first heap   total 397312K, used 243773K [0x0000000080000000, 0x0000000100000000)
  region size 1024K, 8 young (8192K), 8 survivors (8192K)
 Metaspace       used 112066K, committed 113216K, reserved 1155072K
  class space    used 14517K, committed 15040K, reserved 1048576K
}
Event: 3907.227 GC heap before
{Heap before GC invocations=126 (full 0):
 garbage-first heap   total 397312K, used 337981K [0x0000000080000000, 0x0000000100000000)
  region size 1024K, 100 young (102400K), 8 survivors (8192K)
 Metaspace       used 117735K, committed 118912K, reserved 1155072K
  class space    used 15120K, committed 15680K, reserved 1048576K
}
Event: 3907.240 GC heap after
{Heap after GC invocations=127 (full 0):
 garbage-first heap   total 397312K, used 251182K [0x0000000080000000, 0x0000000100000000)
  region size 1024K, 13 young (13312K), 13 survivors (13312K)
 Metaspace       used 117735K, committed 118912K, reserved 1155072K
  class space    used 15120K, committed 15680K, reserved 1048576K
}
Event: 3909.070 GC heap before
{Heap before GC invocations=127 (full 0):
 garbage-first heap   total 397312K, used 337198K [0x0000000080000000, 0x0000000100000000)
  region size 1024K, 98 young (100352K), 13 survivors (13312K)
 Metaspace       used 117942K, committed 119104K, reserved 1155072K
  class space    used 15122K, committed 15680K, reserved 1048576K
}
Event: 3909.086 GC heap after
{Heap after GC invocations=128 (full 0):
 garbage-first heap   total 397312K, used 261925K [0x0000000080000000, 0x0000000100000000)
  region size 1024K, 11 young (11264K), 11 survivors (11264K)
 Metaspace       used 117942K, committed 119104K, reserved 1155072K
  class space    used 15122K, committed 15680K, reserved 1048576K
}
Event: 4091.009 GC heap before
{Heap before GC invocations=128 (full 0):
 garbage-first heap   total 397312K, used 335653K [0x0000000080000000, 0x0000000100000000)
  region size 1024K, 84 young (86016K), 11 survivors (11264K)
 Metaspace       used 118591K, committed 119872K, reserved 1155072K
  class space    used 15200K, committed 15872K, reserved 1048576K
}
Event: 4091.021 GC heap after
{Heap after GC invocations=129 (full 0):
 garbage-first heap   total 397312K, used 267339K [0x0000000080000000, 0x0000000100000000)
  region size 1024K, 6 young (6144K), 6 survivors (6144K)
 Metaspace       used 118591K, committed 119872K, reserved 1155072K
  class space    used 15200K, committed 15872K, reserved 1048576K
}

